{"level":"error","msg":"[ERROR : Error occurred in InitMongo from mongodb : mgo.Dial ]","time":"2021-08-18T21:48:50+05:30"}
{"level":"error","msg":"[ERROR occurred in postComment : Validate ]","time":"2021-08-18T22:03:21+05:30"}
{"level":"error","msg":"[ERROR occurred in postComment : Validate ]","time":"2021-08-19T00:04:07+05:30"}
{"level":"error","msg":"[ERROR : Error occurred in InitMongo from mongodb : mgo.Dial ]","time":"2021-08-19T00:08:44+05:30"}
{"level":"error","msg":"[ERROR occurred in postComment : Validate ]","time":"2021-08-19T00:09:51+05:30"}
{"level":"error","msg":"[ERROR : Error occurred in InitMongo from mongodb : mgo.Dial ]","time":"2021-08-19T00:10:59+05:30"}
{"level":"error","msg":"[ERROR occurred in PasswordRulesValidation  [PASSWORD MUST CONTAINS ATLEAST ONE UPPER CASE LETTER PASSWORD MUST CONTAINS ATLEAST ONE LOWER CASE LETTER PASSWORD MUST CONTAINS ATLEAST SPECIAL CHARS LETTER PASSWORD LENGTH BETWEEN 8 TO 10]]","time":"2021-08-19T00:12:31+05:30"}
{"level":"error","msg":"[ERROR occurred in PasswordRulesValidation  [PASSWORD MUST CONTAINS ATLEAST SPECIAL CHARS LETTER]]","time":"2021-08-19T00:13:03+05:30"}
{"level":"error","msg":"[ERROR occurred in PasswordRulesValidation  [PASSWORD MUST CONTAINS ATLEAST ONE UPPER CASE LETTER PASSWORD LENGTH BETWEEN 8 TO 10]]","time":"2021-08-19T00:31:51+05:30"}
{"level":"error","msg":"[ERROR occurred in PasswordRulesValidation  [PASSWORD LENGTH BETWEEN 8 TO 10]]","time":"2021-08-19T00:32:14+05:30"}
{"level":"error","msg":"[Unable to start server on :9999]","time":"2021-08-19T00:42:22+05:30"}
{"level":"error","msg":"[ERROR occurred in PasswordRulesValidation  [PASSWORD MUST NOT BE SAME AS USERNAME]]","time":"2021-08-19T00:44:11+05:30"}
{"level":"error","msg":"[ERROR occurred in postComment : Parameter binding]","time":"2021-08-21T20:19:23+05:30"}
{"level":"error","msg":"[ERROR occurred in postComment : Parameter binding]","time":"2021-08-21T20:19:47+05:30"}
{"level":"error","msg":"[ERROR occurred in PasswordRulesValidation  [PASSWORD MUST CONTAINS ATLEAST ONE UPPER CASE LETTER PASSWORD MUST CONTAINS ATLEAST ONE NUMBER CASE LETTER PASSWORD MUST CONTAINS ATLEAST SPECIAL CHARS LETTER PASSWORD LENGTH BETWEEN 8 TO 16 USERNAME IS ALREADY EXIST]]","time":"2021-08-21T20:23:08+05:30"}
{"level":"error","msg":"[ERROR occurred in PasswordRulesValidation  [PASSWORD MUST CONTAINS ATLEAST ONE UPPER CASE LETTER PASSWORD MUST CONTAINS ATLEAST ONE NUMBER CASE LETTER PASSWORD MUST CONTAINS ATLEAST SPECIAL CHARS LETTER PASSWORD LENGTH BETWEEN 8 TO 16]]","time":"2021-08-21T20:24:02+05:30"}
{"level":"error","msg":"[ERROR occurred in PasswordRulesValidation  [PASSWORD LENGTH BETWEEN 8 TO 16 USERNAME IS ALREADY EXIST]]","time":"2021-08-21T20:24:31+05:30"}
{"level":"error","msg":"[ERROR occurred in PasswordRulesValidation  [USERNAME IS ALREADY EXIST]]","time":"2021-08-21T20:24:45+05:30"}
{"level":"error","msg":"[ERROR occurred in PasswordRulesValidation  [USERNAME IS ALREADY EXIST]]","time":"2021-08-21T20:26:34+05:30"}
{"level":"error","msg":"[ERROR : Error occurred in getCommentsbyCommentId : json.Unmarshal ]","time":"2021-08-21T21:06:51+05:30"}
{"level":"error","msg":"[ERROR : Error occurred in getCommentsbyCommentId : json.Unmarshal  json: cannot unmarshal array into Go value of type model.User]","time":"2021-08-21T21:08:55+05:30"}
{"level":"error","msg":"[ERROR : Error occurred in getCommentsbyCommentId : json.Unmarshal  json: cannot unmarshal array into Go value of type model.User]","time":"2021-08-21T22:07:12+05:30"}
{"level":"error","msg":"[ERROR : Error occurred in getCommentsbyCommentId : json.Unmarshal  json: cannot unmarshal array into Go value of type model.User]","time":"2021-08-21T22:08:39+05:30"}
{"level":"error","msg":"[ERROR : Error occurred in getCommentsbyCommentId : json.Unmarshal  json: cannot unmarshal array into Go value of type model.User]","time":"2021-08-21T22:09:04+05:30"}
{"level":"error","msg":"[ERROR : Error occurred in getCommentsbyCommentId : json.Unmarshal  json: cannot unmarshal array into Go value of type model.User]","time":"2021-08-21T22:10:25+05:30"}
{"level":"error","msg":"[Unable to start server on :9999]","time":"2021-08-21T22:10:36+05:30"}
{"level":"error","msg":"[ERROR : Error occurred in getCommentsbyCommentId : json.Unmarshal  json: cannot unmarshal array into Go value of type model.User]","time":"2021-08-21T22:12:58+05:30"}
{"level":"error","msg":"[ERROR occurred in PasswordRulesValidation  [NEW PASSWORD SHOULDN’T BE THE SAME AS LAST PASSWORD]]","time":"2021-08-21T22:17:08+05:30"}
{"level":"error","msg":"[ERROR occurred in PasswordRulesValidation  [NEW PASSWORD SHOULDN’T BE THE SAME AS LAST PASSWORD]]","time":"2021-08-21T22:20:22+05:30"}
{"level":"error","msg":"[ERROR occurred in PasswordRulesValidation  [NEW PASSWORD SHOULDN’T BE THE SAME AS LAST PASSWORD]]","time":"2021-08-21T23:01:31+05:30"}
{"level":"error","msg":"[ERROR occurred in PasswordRulesValidation  [NEW PASSWORD SHOULDN’T BE THE SAME AS LAST PASSWORD]]","time":"2021-08-21T23:04:47+05:30"}
{"level":"error","msg":"[Unable to start server on :9999]","time":"2021-08-21T23:18:26+05:30"}
{"level":"error","msg":"[ERROR occurred in PasswordRulesValidation  [PASSWORD MUST CONTAINS ATLEAST ONE UPPER CASE LETTER PASSWORD MUST CONTAINS ATLEAST ONE NUMBER CASE LETTER PASSWORD MUST CONTAINS ATLEAST SPECIAL CHARS LETTER PASSWORD LENGTH BETWEEN 8 TO 16]]","time":"2021-08-21T23:18:58+05:30"}
{"level":"error","msg":"[ERROR occurred in PasswordRulesValidation  [PASSWORD MUST CONTAINS ATLEAST ONE NUMBER CASE LETTER PASSWORD MUST CONTAINS ATLEAST SPECIAL CHARS LETTER PASSWORD LENGTH BETWEEN 8 TO 16]]","time":"2021-08-21T23:19:29+05:30"}
{"level":"error","msg":"[ERROR occurred in PasswordRulesValidation  [PASSWORD MUST CONTAINS ATLEAST SPECIAL CHARS LETTER PASSWORD LENGTH BETWEEN 8 TO 16]]","time":"2021-08-21T23:19:52+05:30"}
{"level":"error","msg":"[ERROR occurred in PasswordRulesValidation  [PASSWORD LENGTH BETWEEN 8 TO 16]]","time":"2021-08-21T23:20:26+05:30"}
{"level":"error","msg":"[ERROR occurred in PasswordRulesValidation  [PASSWORD MUST NOT BE SAME AS USERNAME PASSWORD MUST CONTAINS ATLEAST ONE UPPER CASE LETTER PASSWORD MUST CONTAINS ATLEAST ONE NUMBER CASE LETTER PASSWORD MUST CONTAINS ATLEAST SPECIAL CHARS LETTER]]","time":"2021-08-21T23:20:41+05:30"}
{"level":"error","msg":"[Unable to start server on :9999]","time":"2021-08-21T23:23:51+05:30"}
{"level":"error","msg":"[Unable to start server on :9999]","time":"2021-08-21T23:24:49+05:30"}
{"level":"error","msg":"[Unable to start server on :9999]","time":"2021-08-21T23:25:00+05:30"}
{"level":"error","msg":"[Unable to start server on :9999]","time":"2021-08-21T23:25:34+05:30"}
{"level":"error","msg":"[Unable to start server on :9999]","time":"2021-08-21T23:26:45+05:30"}
{"level":"error","msg":"[Unable to start server on :9999]","time":"2021-08-21T23:27:17+05:30"}
{"level":"error","msg":"[Unable to start server on :9999]","time":"2021-08-21T23:27:47+05:30"}
{"level":"error","msg":"[Unable to start server on :9999]","time":"2021-08-21T23:28:03+05:30"}
{"level":"error","msg":"[Unable to start server on :9999]","time":"2021-08-21T23:28:17+05:30"}
{"level":"error","msg":"[Unable to start server on :9999]","time":"2021-08-21T23:28:40+05:30"}
{"level":"error","msg":"[Unable to start server on :9999]","time":"2021-08-21T23:30:08+05:30"}
{"level":"error","msg":"[Unable to start server on :9999]","time":"2021-08-21T23:31:47+05:30"}
{"level":"error","msg":"[Unable to start server on :9999]","time":"2021-08-21T23:32:04+05:30"}
{"level":"error","msg":"[Unable to start server on :9999]","time":"2021-08-21T23:32:49+05:30"}
{"level":"error","msg":"[Unable to start server on :9999]","time":"2021-08-21T23:33:44+05:30"}
{"level":"error","msg":"[Unable to start server on :9999]","time":"2021-08-21T23:34:09+05:30"}
{"level":"error","msg":"[Unable to start server on :9999]","time":"2021-08-21T23:34:47+05:30"}
{"level":"error","msg":"[Unable to start server on :9999]","time":"2021-08-21T23:35:10+05:30"}
{"level":"error","msg":"[Unable to start server on :9999]","time":"2021-08-21T23:36:24+05:30"}
{"level":"error","msg":"[Unable to start server on :9999]","time":"2021-08-21T23:36:38+05:30"}
{"level":"error","msg":"[Unable to start server on :9999]","time":"2021-08-21T23:36:54+05:30"}
{"level":"error","msg":"[Unable to start server on :9999]","time":"2021-08-21T23:37:17+05:30"}
{"level":"error","msg":"[Unable to start server on :9999]","time":"2021-08-21T23:39:45+05:30"}
{"level":"error","msg":"[Unable to start server on :9999]","time":"2021-08-21T23:40:05+05:30"}
{"level":"error","msg":"[Unable to start server on :9999]","time":"2021-08-21T23:40:24+05:30"}
{"level":"error","msg":"[Unable to start server on :9999]","time":"2021-08-21T23:40:44+05:30"}
{"level":"error","msg":"[Unable to start server on :9999]","time":"2021-08-21T23:41:44+05:30"}
{"level":"error","msg":"[Unable to start server on :9999]","time":"2021-08-21T23:44:59+05:30"}
{"level":"error","msg":"[ERROR occurred in PasswordRulesValidation  [USERNAME IS ALREADY EXIST]]","time":"2021-08-21T23:45:40+05:30"}
{"level":"error","msg":"[Unable to start server on :9998]","time":"2021-08-21T23:46:28+05:30"}
{"level":"error","msg":"[Unable to start server on :9998]","time":"2021-08-21T23:46:59+05:30"}
{"level":"error","msg":"[Unable to start server on :9999]","time":"2021-08-21T23:47:23+05:30"}
{"level":"error","msg":"[ERROR occurred in PasswordRulesValidation  [USERNAME IS NOT EXIST]]","time":"2021-08-21T23:51:49+05:30"}
{"level":"error","msg":"[ERROR occurred in PasswordRulesValidation  [NEW PASSWORD SHOULDN’T BE THE SAME AS LAST PASSWORD]]","time":"2021-08-21T23:52:42+05:30"}
{"level":"error","msg":"[ERROR occurred in PasswordRulesValidation  [USERNAME IS ALREADY EXIST]]","time":"2021-08-22T00:55:47+05:30"}
{"level":"error","msg":"[ERROR : Error occurred in InitMongo from mongodb : mgo.Dial ]","time":"2021-08-22T02:00:10+05:30"}
{"level":"error","msg":"[ERROR : Error occurred in InitMongo from mongodb : mgo.Dial ]","time":"2021-08-22T13:08:16+05:30"}
{"level":"error","msg":"[ERROR occurred in createUser : Parameter binding]","time":"2021-08-22T13:31:54+05:30"}
{"level":"error","msg":"[ERROR : Error occurred in InitMongo from mongodb : mgo.Dial ]","time":"2021-08-23T01:38:05+05:30"}
{"level":"error","msg":"[ERROR occurred in createUser : Parameter binding]","time":"2021-08-23T01:53:25+05:30"}
{"level":"error","msg":"[ERROR occurred in createUser : Parameter binding]","time":"2021-08-23T01:56:01+05:30"}
{"level":"error","msg":"[ERROR occurred in createUser : Parameter binding]","time":"2021-08-23T01:59:54+05:30"}
{"level":"error","msg":"[ERROR occurred in createUser : Parameter binding]","time":"2021-08-23T02:01:41+05:30"}
{"level":"error","msg":"[ERROR occurred in createUser : Parameter binding]","time":"2021-08-23T02:04:37+05:30"}
{"level":"error","msg":"[ERROR occurred in createUser : Parameter binding]","time":"2021-08-23T12:07:26+05:30"}
{"level":"error","msg":"[ERROR occurred in createUser : Parameter binding]","time":"2021-08-23T12:07:39+05:30"}
{"level":"error","msg":"[ERROR occurred in createUser : Validate ]","time":"2021-08-23T14:07:11+05:30"}
{"level":"error","msg":"[ERROR occurred in PasswordRulesValidation  [USERNAME IS ALREADY EXIST]]","time":"2021-08-23T14:09:13+05:30"}
{"level":"error","msg":"[ERROR occurred in PasswordRulesValidation  [PASSWORD MUST CONTAINS ATLEAST ONE UPPER CASE LETTER PASSWORD MUST CONTAINS ATLEAST SPECIAL CHARS LETTER PASSWORD LENGTH BETWEEN 8 TO 16]]","time":"2021-08-23T18:34:36+05:30"}
{"level":"error","msg":"[ERROR occurred in PasswordRulesValidation  [PASSWORD MUST CONTAINS ATLEAST SPECIAL CHARS LETTER PASSWORD LENGTH BETWEEN 8 TO 16]]","time":"2021-08-23T18:34:46+05:30"}
{"level":"error","msg":"[ERROR occurred in PasswordRulesValidation  [PASSWORD LENGTH BETWEEN 8 TO 16]]","time":"2021-08-23T18:34:51+05:30"}
{"level":"error","msg":"[ERROR occurred in PasswordRulesValidation  [PASSWORD MUST NOT BE SAME AS USERNAME PASSWORD MUST CONTAINS ATLEAST ONE UPPER CASE LETTER PASSWORD MUST CONTAINS ATLEAST ONE NUMBER CASE LETTER PASSWORD MUST CONTAINS ATLEAST SPECIAL CHARS LETTER PASSWORD LENGTH BETWEEN 8 TO 16]]","time":"2021-08-23T18:35:06+05:30"}
{"level":"error","msg":"[ERROR occurred in PasswordRulesValidation  [PASSWORD MUST NOT BE SAME AS USERNAME PASSWORD MUST CONTAINS ATLEAST ONE UPPER CASE LETTER PASSWORD MUST CONTAINS ATLEAST ONE NUMBER CASE LETTER PASSWORD MUST CONTAINS ATLEAST SPECIAL CHARS LETTER PASSWORD LENGTH BETWEEN 8 TO 16]]","time":"2021-08-23T18:36:48+05:30"}
{"level":"error","msg":"[ERROR occurred in PasswordRulesValidation  [PASSWORD MUST NOT BE SAME AS USERNAME PASSWORD MUST CONTAINS ATLEAST ONE UPPER CASE LETTER PASSWORD MUST CONTAINS ATLEAST ONE NUMBER CASE LETTER PASSWORD MUST CONTAINS ATLEAST SPECIAL CHARS LETTER PASSWORD LENGTH BETWEEN 8 TO 16]]","time":"2021-08-23T18:36:55+05:30"}
{"level":"error","msg":"[ERROR occurred in PasswordRulesValidation  [PASSWORD MUST NOT BE SAME AS USERNAME PASSWORD MUST CONTAINS ATLEAST ONE UPPER CASE LETTER PASSWORD MUST CONTAINS ATLEAST ONE NUMBER CASE LETTER PASSWORD MUST CONTAINS ATLEAST SPECIAL CHARS LETTER PASSWORD LENGTH BETWEEN 8 TO 16]]","time":"2021-08-23T18:38:30+05:30"}
{"level":"error","msg":"[ERROR occurred in PasswordRulesValidation  [PASSWORD MUST NOT BE SAME AS USERNAME PASSWORD MUST CONTAINS ATLEAST ONE UPPER CASE LETTER PASSWORD MUST CONTAINS ATLEAST ONE NUMBER CASE LETTER PASSWORD MUST CONTAINS ATLEAST SPECIAL CHARS LETTER PASSWORD LENGTH BETWEEN 8 TO 16]]","time":"2021-08-23T18:39:12+05:30"}
{"level":"error","msg":"[ERROR occurred in PasswordRulesValidation  [PASSWORD MUST NOT BE SAME AS USERNAME PASSWORD MUST CONTAINS ATLEAST ONE UPPER CASE LETTER PASSWORD MUST CONTAINS ATLEAST ONE NUMBER CASE LETTER PASSWORD MUST CONTAINS ATLEAST SPECIAL CHARS LETTER PASSWORD LENGTH BETWEEN 8 TO 16]]","time":"2021-08-23T18:48:18+05:30"}
{"level":"error","msg":"[ERROR occurred in PasswordRulesValidation  [PASSWORD MUST NOT BE SAME AS USERNAME PASSWORD MUST CONTAINS ATLEAST ONE UPPER CASE LETTER PASSWORD MUST CONTAINS ATLEAST ONE NUMBER CASE LETTER PASSWORD MUST CONTAINS ATLEAST SPECIAL CHARS LETTER PASSWORD LENGTH BETWEEN 8 TO 16]]","time":"2021-08-23T18:49:02+05:30"}
{"level":"error","msg":"[ERROR occurred in PasswordRulesValidation  [PASSWORD MUST CONTAINS ATLEAST ONE UPPER CASE LETTER]]","time":"2021-08-23T18:49:37+05:30"}
{"level":"error","msg":"[ERROR occurred in PasswordRulesValidation  [PASSWORD MUST NOT BE SAME AS USERNAME PASSWORD MUST CONTAINS ATLEAST ONE UPPER CASE LETTER PASSWORD MUST CONTAINS ATLEAST ONE NUMBER CASE LETTER PASSWORD MUST CONTAINS ATLEAST SPECIAL CHARS LETTER PASSWORD LENGTH BETWEEN 8 TO 16]]","time":"2021-08-23T18:49:58+05:30"}
{"level":"error","msg":"[ERROR occurred in PasswordRulesValidation  [PASSWORD MUST NOT BE SAME AS USERNAME PASSWORD MUST CONTAINS ATLEAST ONE UPPER CASE LETTER PASSWORD MUST CONTAINS ATLEAST ONE NUMBER CASE LETTER PASSWORD MUST CONTAINS ATLEAST SPECIAL CHARS LETTER PASSWORD LENGTH BETWEEN 8 TO 16]]","time":"2021-08-23T18:51:32+05:30"}
{"level":"error","msg":"[ERROR occurred in PasswordRulesValidation  [PASSWORD MUST NOT BE SAME AS USERNAME PASSWORD MUST CONTAINS ATLEAST ONE UPPER CASE LETTER PASSWORD MUST CONTAINS ATLEAST ONE NUMBER CASE LETTER PASSWORD MUST CONTAINS ATLEAST SPECIAL CHARS LETTER PASSWORD LENGTH BETWEEN 8 TO 16]]","time":"2021-08-23T18:51:39+05:30"}
{"level":"error","msg":"[ERROR occurred in PasswordRulesValidation  [PASSWORD MUST NOT BE SAME AS USERNAME PASSWORD MUST CONTAINS ATLEAST ONE UPPER CASE LETTER PASSWORD MUST CONTAINS ATLEAST ONE NUMBER CASE LETTER PASSWORD MUST CONTAINS ATLEAST SPECIAL CHARS LETTER PASSWORD LENGTH BETWEEN 8 TO 16]]","time":"2021-08-23T18:51:56+05:30"}
{"level":"error","msg":"[ERROR occurred in PasswordRulesValidation  [PASSWORD MUST CONTAINS ATLEAST ONE UPPER CASE LETTER PASSWORD MUST CONTAINS ATLEAST ONE NUMBER CASE LETTER PASSWORD LENGTH BETWEEN 8 TO 16]]","time":"2021-08-23T18:52:54+05:30"}
{"level":"error","msg":"[ERROR occurred in PasswordRulesValidation  [PASSWORD MUST CONTAINS ATLEAST ONE UPPER CASE LETTER PASSWORD MUST CONTAINS ATLEAST ONE NUMBER CASE LETTER PASSWORD LENGTH BETWEEN 8 TO 16]]","time":"2021-08-23T18:53:20+05:30"}
{"level":"error","msg":"[ERROR occurred in PasswordRulesValidation  [PASSWORD MUST CONTAINS ATLEAST ONE UPPER CASE LETTER PASSWORD MUST CONTAINS ATLEAST ONE NUMBER CASE LETTER]]","time":"2021-08-23T18:53:33+05:30"}
{"level":"error","msg":"[ERROR occurred in PasswordRulesValidation  [PASSWORD MUST CONTAINS ATLEAST ONE NUMBER CASE LETTER PASSWORD LENGTH BETWEEN 8 TO 16]]","time":"2021-08-23T18:55:38+05:30"}
{"level":"error","msg":"[ERROR occurred in PasswordRulesValidation  [PASSWORD LENGTH BETWEEN 8 TO 16]]","time":"2021-08-23T18:55:45+05:30"}
{"level":"error","msg":"[ERROR occurred in PasswordRulesValidation  [PASSWORD LENGTH BETWEEN 8 TO 16]]","time":"2021-08-23T18:56:09+05:30"}
{"level":"error","msg":"[ERROR occurred in PasswordRulesValidation  [PASSWORD LENGTH SHOULDss BE MINIMUM 8 TO MAXIMUM 16 CHARACTER LONG]]","time":"2021-08-23T19:04:12+05:30"}
{"level":"error","msg":"[ERROR occurred in PasswordRulesValidation  [PASSWORD LENGTH SHOULDss BE MINIMUM 8 TO MAXIMUM 16 CHARACTER LONG]]","time":"2021-08-23T19:04:38+05:30"}
{"level":"error","msg":"[ERROR occurred in PasswordRulesValidation  [PASSWORD LENGTH SHOULD BE MINIMUM 8 TO MAXIMUM 16 CHARACTER LONG]]","time":"2021-08-23T19:05:44+05:30"}
{"level":"error","msg":"[ERROR occurred in PasswordRulesValidation  [PASSWORD MUST NOT BE SAME AS USERNAMssssE]]","time":"2021-08-23T19:05:58+05:30"}
{"level":"error","msg":"[ERROR occurred in PasswordRulesValidation  [PASSWORD MUST NOT BE SAME AS USERNAME]]","time":"2021-08-23T19:07:45+05:30"}
{"level":"error","msg":"[ERROR occurred in PasswordRulesValidation  [PASSWORD MUST NOT BE SAME AS USERNAME]]","time":"2021-08-23T23:41:51+05:30"}
{"level":"error","msg":"[ERROR : Error occurred in InitMongo from mongodb : mgo.Dial ]","time":"2021-08-23T23:44:43+05:30"}
